<?xml version="1.0" encoding="UTF-8"?>
<!-- Generated by org.testng.reporters.JUnitXMLReporter -->
<testsuite hostname="HP-PC" ignored="0" name="com.scp.testng.testcasedemo" tests="11" failures="0" timestamp="12 Mar 2018 06:14:09 GMT" time="0.096" errors="0">
  <testcase name="a1" time="0.006" classname="com.scp.testng.testcasedemo.ATest"/>
  <testcase name="a2" time="0.002" classname="com.scp.testng.testcasedemo.ATest"/>
  <testcase name="a3" time="0.002" classname="com.scp.testng.testcasedemo.ATest"/>
  <testcase name="a4" time="0.002" classname="com.scp.testng.testcasedemo.ATest"/>
  <testcase name="b1" time="0.001" classname="com.scp.testng.testcasedemo.BTest"/>
  <testcase name="b2" time="0.001" classname="com.scp.testng.testcasedemo.BTest"/>
  <testcase name="b3" time="0.003" classname="com.scp.testng.testcasedemo.BTest"/>
  <testcase name="b4" time="0.002" classname="com.scp.testng.testcasedemo.BTest"/>
  <testcase name="f3" time="0.002" classname="com.scp.testng.testcasedemo.LoginTest"/>
  <testcase name="f1" time="0.001" classname="com.scp.testng.testcasedemo.LoginTest"/>
  <testcase name="f2" time="0.001" classname="com.scp.testng.testcasedemo.LoginTest"/>
</testsuite> <!-- com.scp.testng.testcasedemo -->
